<?xml version="1.0" encoding="UTF-8"?>
<!-- Generated by org.testng.reporters.JUnitXMLReporter -->
<testsuite ignored="0" hostname="DESKTOP-9MK7O28" failures="0" tests="10" name="Surefire test" time="122.201" errors="0" timestamp="2023-12-08T15:17:01 IST">
  <testcase classname="com.qa.techpanda.testScript.TestCase1Test" name="selectingMenuOptions" time="0.207"/>
  <testcase classname="com.qa.techpanda.testScript.TestCase1Test" name="validatingTitle" time="0.133"/>
  <testcase classname="com.qa.techpanda.testScript.TestCase1Test" name="validatingMenu" time="1.901"/>
  <testcase classname="com.qa.techpanda.testScript.TestCase2Test" name="clickOnMenuOption" time="1.755"/>
  <testcase classname="com.qa.techpanda.testScript.TestCase2Test" name="validatingingCostOfSony" time="1.79"/>
  <testcase classname="com.qa.techpanda.testScript.TestCase2Test" name="clickOnMobile" time="4.414"/>
  <testcase classname="com.qa.techpanda.testScript.TestCase2Test" name="validatingPrice" time="1.952"/>
  <testcase classname="com.qa.techpanda.testScript.TestCase3Test" name="clickCart" time="3.648"/>
  <testcase classname="com.qa.techpanda.testScript.TestCase3Test" name="updatingQuantity" time="3.799"/>
  <testcase classname="com.qa.techpanda.testScript.TestCase3Test" name="validatingEmptybtn" time="5.055"/>
</testsuite> <!-- Surefire test -->
