<?xml version="1.0" encoding="UTF-8"?>
<!-- Generated by org.testng.reporters.JUnitXMLReporter -->
<testsuite ignored="0" hostname="DESKTOP-9MK7O28" failures="0" tests="3" name="Default test" time="46.275" errors="0" timestamp="2023-11-14T15:42:57 IST">
  <testcase classname="com.qa.techpanda.testScript.TestCase3Test" name="clickCart" time="2.387"/>
  <testcase classname="com.qa.techpanda.testScript.TestCase3Test" name="updatingQuantity" time="3.541"/>
  <testcase classname="com.qa.techpanda.testScript.TestCase3Test" name="validatingEmptybtn" time="4.881"/>
</testsuite> <!-- Default test -->
