<?xml version="1.0" encoding="UTF-8"?>
<testng-results ignored="0" total="10" passed="10" failed="0" skipped="0">
  <reporter-output>
  </reporter-output>
  <suite started-at="2023-12-08T15:14:59 IST" name="Surefire suite" finished-at="2023-12-08T15:17:01 IST" duration-ms="122201">
    <groups>
    </groups>
    <test started-at="2023-12-08T15:14:59 IST" name="Surefire test" finished-at="2023-12-08T15:17:01 IST" duration-ms="122201">
      <class name="com.qa.techpanda.testScript.TestCase1Test">
        <test-method is-config="true" signature="setUp()[pri:0, instance:com.qa.techpanda.testScript.TestCase1Test@378542de]" started-at="2023-12-08T15:14:59 IST" name="setUp" finished-at="2023-12-08T15:15:08 IST" duration-ms="9335" status="PASS">
          <reporter-output>
          </reporter-output>
        </test-method> <!-- setUp -->
        <test-method signature="selectingMenuOptions()[pri:0, instance:com.qa.techpanda.testScript.TestCase1Test@378542de]" started-at="2023-12-08T15:15:08 IST" name="selectingMenuOptions" finished-at="2023-12-08T15:15:08 IST" duration-ms="207" status="PASS">
          <reporter-output>
          </reporter-output>
        </test-method> <!-- selectingMenuOptions -->
        <test-method is-config="true" signature="tearDown()[pri:0, instance:com.qa.techpanda.testScript.TestCase1Test@378542de]" started-at="2023-12-08T15:15:08 IST" name="tearDown" finished-at="2023-12-08T15:15:10 IST" duration-ms="1482" status="PASS">
          <reporter-output>
          </reporter-output>
        </test-method> <!-- tearDown -->
        <test-method is-config="true" signature="setUp()[pri:0, instance:com.qa.techpanda.testScript.TestCase1Test@378542de]" started-at="2023-12-08T15:15:10 IST" name="setUp" finished-at="2023-12-08T15:15:18 IST" duration-ms="7988" status="PASS">
          <reporter-output>
          </reporter-output>
        </test-method> <!-- setUp -->
        <test-method signature="validatingTitle()[pri:1, instance:com.qa.techpanda.testScript.TestCase1Test@378542de]" started-at="2023-12-08T15:15:18 IST" name="validatingTitle" finished-at="2023-12-08T15:15:18 IST" duration-ms="133" status="PASS">
          <reporter-output>
          </reporter-output>
        </test-method> <!-- validatingTitle -->
        <test-method is-config="true" signature="tearDown()[pri:0, instance:com.qa.techpanda.testScript.TestCase1Test@378542de]" started-at="2023-12-08T15:15:18 IST" name="tearDown" finished-at="2023-12-08T15:15:20 IST" duration-ms="1777" status="PASS">
          <reporter-output>
          </reporter-output>
        </test-method> <!-- tearDown -->
        <test-method is-config="true" signature="setUp()[pri:0, instance:com.qa.techpanda.testScript.TestCase1Test@378542de]" started-at="2023-12-08T15:15:20 IST" name="setUp" finished-at="2023-12-08T15:15:27 IST" duration-ms="7299" status="PASS">
          <reporter-output>
          </reporter-output>
        </test-method> <!-- setUp -->
        <test-method signature="validatingMenu()[pri:2, instance:com.qa.techpanda.testScript.TestCase1Test@378542de]" started-at="2023-12-08T15:15:27 IST" name="validatingMenu" finished-at="2023-12-08T15:15:29 IST" duration-ms="1901" status="PASS">
          <reporter-output>
          </reporter-output>
        </test-method> <!-- validatingMenu -->
        <test-method is-config="true" signature="tearDown()[pri:0, instance:com.qa.techpanda.testScript.TestCase1Test@378542de]" started-at="2023-12-08T15:15:29 IST" name="tearDown" finished-at="2023-12-08T15:15:31 IST" duration-ms="1459" status="PASS">
          <reporter-output>
          </reporter-output>
        </test-method> <!-- tearDown -->
      </class> <!-- com.qa.techpanda.testScript.TestCase1Test -->
      <class name="com.qa.techpanda.testScript.TestCase3Test">
        <test-method is-config="true" signature="setUp()[pri:0, instance:com.qa.techpanda.testScript.TestCase3Test@37654521]" started-at="2023-12-08T15:16:17 IST" name="setUp" finished-at="2023-12-08T15:16:26 IST" duration-ms="8932" status="PASS">
          <reporter-output>
          </reporter-output>
        </test-method> <!-- setUp -->
        <test-method signature="clickCart()[pri:1, instance:com.qa.techpanda.testScript.TestCase3Test@37654521]" started-at="2023-12-08T15:16:26 IST" name="clickCart" finished-at="2023-12-08T15:16:30 IST" duration-ms="3648" status="PASS">
          <reporter-output>
          </reporter-output>
        </test-method> <!-- clickCart -->
        <test-method is-config="true" signature="teardown()[pri:0, instance:com.qa.techpanda.testScript.TestCase3Test@37654521]" started-at="2023-12-08T15:16:30 IST" name="teardown" finished-at="2023-12-08T15:16:31 IST" duration-ms="1398" status="PASS">
          <reporter-output>
          </reporter-output>
        </test-method> <!-- teardown -->
        <test-method is-config="true" signature="setUp()[pri:0, instance:com.qa.techpanda.testScript.TestCase3Test@37654521]" started-at="2023-12-08T15:16:31 IST" name="setUp" finished-at="2023-12-08T15:16:40 IST" duration-ms="8826" status="PASS">
          <reporter-output>
          </reporter-output>
        </test-method> <!-- setUp -->
        <test-method signature="updatingQuantity()[pri:2, instance:com.qa.techpanda.testScript.TestCase3Test@37654521]" started-at="2023-12-08T15:16:40 IST" name="updatingQuantity" finished-at="2023-12-08T15:16:44 IST" duration-ms="3799" status="PASS">
          <reporter-output>
          </reporter-output>
        </test-method> <!-- updatingQuantity -->
        <test-method is-config="true" signature="teardown()[pri:0, instance:com.qa.techpanda.testScript.TestCase3Test@37654521]" started-at="2023-12-08T15:16:44 IST" name="teardown" finished-at="2023-12-08T15:16:45 IST" duration-ms="1598" status="PASS">
          <reporter-output>
          </reporter-output>
        </test-method> <!-- teardown -->
        <test-method is-config="true" signature="setUp()[pri:0, instance:com.qa.techpanda.testScript.TestCase3Test@37654521]" started-at="2023-12-08T15:16:45 IST" name="setUp" finished-at="2023-12-08T15:16:55 IST" duration-ms="9351" status="PASS">
          <reporter-output>
          </reporter-output>
        </test-method> <!-- setUp -->
        <test-method signature="validatingEmptybtn()[pri:3, instance:com.qa.techpanda.testScript.TestCase3Test@37654521]" started-at="2023-12-08T15:16:55 IST" name="validatingEmptybtn" finished-at="2023-12-08T15:17:00 IST" duration-ms="5055" status="PASS">
          <reporter-output>
          </reporter-output>
        </test-method> <!-- validatingEmptybtn -->
        <test-method is-config="true" signature="teardown()[pri:0, instance:com.qa.techpanda.testScript.TestCase3Test@37654521]" started-at="2023-12-08T15:17:00 IST" name="teardown" finished-at="2023-12-08T15:17:01 IST" duration-ms="1485" status="PASS">
          <reporter-output>
          </reporter-output>
        </test-method> <!-- teardown -->
      </class> <!-- com.qa.techpanda.testScript.TestCase3Test -->
      <class name="com.qa.techpanda.testScript.TestCase2Test">
        <test-method is-config="true" signature="setUp()[pri:0, instance:com.qa.techpanda.testScript.TestCase2Test@2df9b86]" started-at="2023-12-08T15:15:31 IST" name="setUp" finished-at="2023-12-08T15:15:38 IST" duration-ms="7481" status="PASS">
          <reporter-output>
          </reporter-output>
        </test-method> <!-- setUp -->
        <test-method signature="clickOnMenuOption()[pri:1, instance:com.qa.techpanda.testScript.TestCase2Test@2df9b86]" started-at="2023-12-08T15:15:38 IST" name="clickOnMenuOption" finished-at="2023-12-08T15:15:40 IST" duration-ms="1755" status="PASS">
          <reporter-output>
          </reporter-output>
        </test-method> <!-- clickOnMenuOption -->
        <test-method is-config="true" signature="teardown()[pri:0, instance:com.qa.techpanda.testScript.TestCase2Test@2df9b86]" started-at="2023-12-08T15:15:40 IST" name="teardown" finished-at="2023-12-08T15:15:41 IST" duration-ms="1400" status="PASS">
          <reporter-output>
          </reporter-output>
        </test-method> <!-- teardown -->
        <test-method is-config="true" signature="setUp()[pri:0, instance:com.qa.techpanda.testScript.TestCase2Test@2df9b86]" started-at="2023-12-08T15:15:41 IST" name="setUp" finished-at="2023-12-08T15:15:48 IST" duration-ms="6820" status="PASS">
          <reporter-output>
          </reporter-output>
        </test-method> <!-- setUp -->
        <test-method signature="validatingingCostOfSony()[pri:2, instance:com.qa.techpanda.testScript.TestCase2Test@2df9b86]" started-at="2023-12-08T15:15:48 IST" name="validatingingCostOfSony" finished-at="2023-12-08T15:15:50 IST" duration-ms="1790" status="PASS">
          <reporter-output>
          </reporter-output>
        </test-method> <!-- validatingingCostOfSony -->
        <test-method is-config="true" signature="teardown()[pri:0, instance:com.qa.techpanda.testScript.TestCase2Test@2df9b86]" started-at="2023-12-08T15:15:50 IST" name="teardown" finished-at="2023-12-08T15:15:51 IST" duration-ms="1543" status="PASS">
          <reporter-output>
          </reporter-output>
        </test-method> <!-- teardown -->
        <test-method is-config="true" signature="setUp()[pri:0, instance:com.qa.techpanda.testScript.TestCase2Test@2df9b86]" started-at="2023-12-08T15:15:51 IST" name="setUp" finished-at="2023-12-08T15:15:59 IST" duration-ms="8036" status="PASS">
          <reporter-output>
          </reporter-output>
        </test-method> <!-- setUp -->
        <test-method signature="clickOnMobile()[pri:3, instance:com.qa.techpanda.testScript.TestCase2Test@2df9b86]" started-at="2023-12-08T15:15:59 IST" name="clickOnMobile" finished-at="2023-12-08T15:16:04 IST" duration-ms="4414" status="PASS">
          <reporter-output>
          </reporter-output>
        </test-method> <!-- clickOnMobile -->
        <test-method is-config="true" signature="teardown()[pri:0, instance:com.qa.techpanda.testScript.TestCase2Test@2df9b86]" started-at="2023-12-08T15:16:04 IST" name="teardown" finished-at="2023-12-08T15:16:05 IST" duration-ms="1457" status="PASS">
          <reporter-output>
          </reporter-output>
        </test-method> <!-- teardown -->
        <test-method is-config="true" signature="setUp()[pri:0, instance:com.qa.techpanda.testScript.TestCase2Test@2df9b86]" started-at="2023-12-08T15:16:05 IST" name="setUp" finished-at="2023-12-08T15:16:13 IST" duration-ms="8254" status="PASS">
          <reporter-output>
          </reporter-output>
        </test-method> <!-- setUp -->
        <test-method signature="validatingPrice()[pri:4, instance:com.qa.techpanda.testScript.TestCase2Test@2df9b86]" started-at="2023-12-08T15:16:13 IST" name="validatingPrice" finished-at="2023-12-08T15:16:15 IST" duration-ms="1952" status="PASS">
          <reporter-output>
          </reporter-output>
        </test-method> <!-- validatingPrice -->
        <test-method is-config="true" signature="teardown()[pri:0, instance:com.qa.techpanda.testScript.TestCase2Test@2df9b86]" started-at="2023-12-08T15:16:15 IST" name="teardown" finished-at="2023-12-08T15:16:17 IST" duration-ms="1539" status="PASS">
          <reporter-output>
          </reporter-output>
        </test-method> <!-- teardown -->
      </class> <!-- com.qa.techpanda.testScript.TestCase2Test -->
    </test> <!-- Surefire test -->
  </suite> <!-- Surefire suite -->
</testng-results>
