<?xml version="1.0" encoding="UTF-8"?>
<testng-results ignored="0" total="3" passed="3" failed="0" skipped="0">
  <reporter-output>
  </reporter-output>
  <suite started-at="2023-11-14T15:42:11 IST" name="Default suite" finished-at="2023-11-14T15:42:57 IST" duration-ms="46275">
    <groups>
    </groups>
    <test started-at="2023-11-14T15:42:11 IST" name="Default test" finished-at="2023-11-14T15:42:57 IST" duration-ms="46275">
      <class name="com.qa.techpanda.testScript.TestCase3Test">
        <test-method is-config="true" signature="setUp()[pri:0, instance:com.qa.techpanda.testScript.TestCase3Test@17f62e33]" started-at="2023-11-14T15:42:11 IST" name="setUp" finished-at="2023-11-14T15:42:22 IST" duration-ms="11755" status="PASS">
          <reporter-output>
          </reporter-output>
        </test-method> <!-- setUp -->
        <test-method signature="clickCart()[pri:1, instance:com.qa.techpanda.testScript.TestCase3Test@17f62e33]" started-at="2023-11-14T15:42:22 IST" name="clickCart" finished-at="2023-11-14T15:42:25 IST" duration-ms="2387" status="PASS">
          <reporter-output>
          </reporter-output>
        </test-method> <!-- clickCart -->
        <test-method is-config="true" signature="teardown()[pri:0, instance:com.qa.techpanda.testScript.TestCase3Test@17f62e33]" started-at="2023-11-14T15:42:25 IST" name="teardown" finished-at="2023-11-14T15:42:26 IST" duration-ms="1556" status="PASS">
          <reporter-output>
          </reporter-output>
        </test-method> <!-- teardown -->
        <test-method is-config="true" signature="setUp()[pri:0, instance:com.qa.techpanda.testScript.TestCase3Test@17f62e33]" started-at="2023-11-14T15:42:26 IST" name="setUp" finished-at="2023-11-14T15:42:35 IST" duration-ms="8819" status="PASS">
          <reporter-output>
          </reporter-output>
        </test-method> <!-- setUp -->
        <test-method signature="updatingQuantity()[pri:2, instance:com.qa.techpanda.testScript.TestCase3Test@17f62e33]" started-at="2023-11-14T15:42:35 IST" name="updatingQuantity" finished-at="2023-11-14T15:42:39 IST" duration-ms="3541" status="PASS">
          <reporter-output>
          </reporter-output>
        </test-method> <!-- updatingQuantity -->
        <test-method is-config="true" signature="teardown()[pri:0, instance:com.qa.techpanda.testScript.TestCase3Test@17f62e33]" started-at="2023-11-14T15:42:39 IST" name="teardown" finished-at="2023-11-14T15:42:40 IST" duration-ms="1641" status="PASS">
          <reporter-output>
          </reporter-output>
        </test-method> <!-- teardown -->
        <test-method is-config="true" signature="setUp()[pri:0, instance:com.qa.techpanda.testScript.TestCase3Test@17f62e33]" started-at="2023-11-14T15:42:40 IST" name="setUp" finished-at="2023-11-14T15:42:51 IST" duration-ms="10250" status="PASS">
          <reporter-output>
          </reporter-output>
        </test-method> <!-- setUp -->
        <test-method signature="validatingEmptybtn()[pri:3, instance:com.qa.techpanda.testScript.TestCase3Test@17f62e33]" started-at="2023-11-14T15:42:51 IST" name="validatingEmptybtn" finished-at="2023-11-14T15:42:55 IST" duration-ms="4881" status="PASS">
          <reporter-output>
          </reporter-output>
        </test-method> <!-- validatingEmptybtn -->
        <test-method is-config="true" signature="teardown()[pri:0, instance:com.qa.techpanda.testScript.TestCase3Test@17f62e33]" started-at="2023-11-14T15:42:55 IST" name="teardown" finished-at="2023-11-14T15:42:57 IST" duration-ms="1377" status="PASS">
          <reporter-output>
          </reporter-output>
        </test-method> <!-- teardown -->
      </class> <!-- com.qa.techpanda.testScript.TestCase3Test -->
    </test> <!-- Default test -->
  </suite> <!-- Default suite -->
</testng-results>
